[s6-init] making user provided files available at /var/run/s6/etc...exited 0.
[s6-init] ensuring user provided files have correct perms...exited 0.
[fix-attrs.d] applying ownership & permissions fixes...
[fix-attrs.d] done.
[cont-init.d] executing container initialization scripts...
[cont-init.d] done.
[services.d] starting services
/opt/bin/serf agent --join ha --replay --event-handler member-join=/serf-handlers/member-join.sh --event-handler member-leave,member-failed=/serf-handlers/member-leave.sh --tag role=balancer
[services.d] done.
==> Starting Serf agent...
==> Starting Serf agent RPC...
==> Serf agent running!
         Node name: '80ab50de82ec'
         Bind addr: '0.0.0.0:7946'
                       RPC addr: '127.0.0.1:7373'
                      Encrypted: false
                       Snapshot: false
                        Profile: lan
    Message Compression Enabled: true
==> Joining cluster...(replay: true)
    Join completed. Synced with 1 initial agents

==> Log data will now stream in as it occurs:

    2021/12/27 16:16:40 [INFO] agent: Serf agent starting
    2021/12/27 16:16:40 [INFO] serf: EventMemberJoin: 10d28f3b37db 192.168.42.22
    2021/12/27 16:16:40 [INFO] serf: EventMemberJoin: 80ab50de82ec 192.168.42.42
    2021/12/27 16:16:40 [INFO] agent: joining: [ha] replay: true
    2021/12/27 16:16:40 [INFO] agent: joined: 1 nodes
    2021/12/27 16:16:40 [INFO] serf: EventMemberJoin: 2b99aac7543c 192.168.42.11
    2021/12/27 16:16:41 [INFO] agent: Received event: member-join
    2021/12/27 16:18:09 [INFO] memberlist: Suspect 10d28f3b37db has failed, no acks received
    2021/12/27 16:18:11 [INFO] memberlist: Suspect 2b99aac7543c has failed, no acks received
    2021/12/27 16:18:13 [INFO] memberlist: Marking 10d28f3b37db as failed, suspect timeout reached (0 peer confirmations)
    2021/12/27 16:18:13 [INFO] serf: EventMemberLeave: 10d28f3b37db 192.168.42.22
    2021/12/27 16:18:14 [INFO] agent: Received event: member-leave
    2021/12/27 16:18:14 [INFO] memberlist: Suspect 10d28f3b37db has failed, no acks received
    2021/12/27 16:18:15 [INFO] memberlist: Marking 2b99aac7543c as failed, suspect timeout reached (0 peer confirmations)
    2021/12/27 16:18:15 [INFO] serf: EventMemberLeave: 2b99aac7543c 192.168.42.11
    2021/12/27 16:18:16 [INFO] agent: Received event: member-leave
[s6-init] making user provided files available at /var/run/s6/etc...exited 0.
[s6-init] ensuring user provided files have correct perms...exited 0.
[fix-attrs.d] applying ownership & permissions fixes...
[fix-attrs.d] done.
[cont-init.d] executing container initialization scripts...
[cont-init.d] done.
[services.d] starting services
/opt/bin/serf agent --join ha --replay --event-handler member-join=/serf-handlers/member-join.sh --event-handler member-leave,member-failed=/serf-handlers/member-leave.sh --tag role=balancer
[services.d] done.
==> Starting Serf agent...
==> Starting Serf agent RPC...
==> Serf agent running!
         Node name: '80ab50de82ec'
         Bind addr: '0.0.0.0:7946'
                       RPC addr: '127.0.0.1:7373'
                      Encrypted: false
                       Snapshot: false
                        Profile: lan
    Message Compression Enabled: true
==> Joining cluster...(replay: true)
    Join completed. Synced with 1 initial agents

==> Log data will now stream in as it occurs:

    2021/12/27 16:18:38 [INFO] agent: Serf agent starting
    2021/12/27 16:18:38 [INFO] serf: EventMemberJoin: 80ab50de82ec 192.168.42.42
    2021/12/27 16:18:38 [INFO] agent: joining: [ha] replay: true
    2021/12/27 16:18:38 [INFO] agent: joined: 1 nodes
    2021/12/27 16:18:39 [INFO] agent: Received event: member-join
